Using pre-set license
Built from '2020.3/staging' branch; Version is '2020.3.10f1 (297d780c91bc) revision 2719096'; Using compiler version '192528614'; Build Type 'Release'
OS: 'Windows 10 Pro; OS build 19045.4780; Version 2009; 64bit' Language: 'es' Physical Memory: 32637 MB
BatchMode: 1, IsHumanControllingUs: 0, StartBugReporterOnCrash: 0, Is64bit: 1, IsPro: 0

 COMMAND LINE ARGUMENTS:
C:\Program Files\Unity\Hub\Editor\2020.3.10f1\Editor\Unity.exe
-adb2
-batchMode
-noUpm
-name
AssetImportWorker0
-projectPath
C:/Users/USER/Desktop/Unity/Aimer/Jared_VR
-logFile
Logs/AssetImportWorker0.log
-srvPort
63537
Successfully changed project path to: C:/Users/USER/Desktop/Unity/Aimer/Jared_VR
C:/Users/USER/Desktop/Unity/Aimer/Jared_VR
Using Asset Import Pipeline V2.
Refreshing native plugins compatible for Editor in 37.76 ms, found 5 plugins.
Preloading 0 native plugins for Editor in 0.00 ms.
Initialize engine version: 2020.3.10f1 (297d780c91bc)
[Subsystems] Discovering subsystems at path C:/Program Files/Unity/Hub/Editor/2020.3.10f1/Editor/Data/Resources/UnitySubsystems
[Subsystems] Discovering subsystems at path C:/Users/USER/Desktop/Unity/Aimer/Jared_VR/Assets
GfxDevice: creating device client; threaded=0
Direct3D:
    Version:  Direct3D 11.0 [level 11.1]
    Renderer: NVIDIA GeForce RTX 3080 (ID=0x2216)
    Vendor:   
    VRAM:     10053 MB
    Driver:   32.0.15.5612
Initialize mono
Mono path[0] = 'C:/Program Files/Unity/Hub/Editor/2020.3.10f1/Editor/Data/Managed'
Mono path[1] = 'C:/Program Files/Unity/Hub/Editor/2020.3.10f1/Editor/Data/MonoBleedingEdge/lib/mono/unityjit'
Mono config path = 'C:/Program Files/Unity/Hub/Editor/2020.3.10f1/Editor/Data/MonoBleedingEdge/etc'
Using monoOptions --debugger-agent=transport=dt_socket,embedding=1,server=y,suspend=n,address=127.0.0.1:56552
Begin MonoManager ReloadAssembly
Registering precompiled unity dll's ...
Register platform support module: C:/Program Files/Unity/Hub/Editor/2020.3.10f1/Editor/Data/PlaybackEngines/WindowsStandaloneSupport/UnityEditor.WindowsStandalone.Extensions.dll
Registered in 0.001703 seconds.
Native extension for WindowsStandalone target not found
Refreshing native plugins compatible for Editor in 32.56 ms, found 5 plugins.
Preloading 0 native plugins for Editor in 0.00 ms.
Mono: successfully reloaded assembly
- Completed reload, in  1.610 seconds
Platform modules already initialized, skipping
Registering precompiled user dll's ...
Registered in 0.004201 seconds.
Begin MonoManager ReloadAssembly
Native extension for WindowsStandalone target not found
Refreshing native plugins compatible for Editor in 31.80 ms, found 5 plugins.
Preloading 0 native plugins for Editor in 0.00 ms.
Mono: successfully reloaded assembly
- Completed reload, in  0.861 seconds
Platform modules already initialized, skipping
========================================================================
Worker process is ready to serve import requests
Launched and connected shader compiler UnityShaderCompiler.exe after 0.03 seconds
Refreshing native plugins compatible for Editor in 0.75 ms, found 5 plugins.
Preloading 0 native plugins for Editor in 0.00 ms.
Unloading 1987 Unused Serialized files (Serialized files now loaded: 0)
System memory in use before: 88.6 MB.
System memory in use after: 88.7 MB.

Unloading 22 unused Assets to reduce memory usage. Loaded Objects now: 2432.
Total: 2.520300 ms (FindLiveObjects: 0.217000 ms CreateObjectMapping: 0.109800 ms MarkObjects: 2.134900 ms  DeleteObjects: 0.057700 ms)

========================================================================
Received Import Request.
  path: Assets/Util
  artifactKey: Guid(7389987a505a74a459aeafb234496030) Importer(815301076,1909f56bfc062723c751e8b465ee728b)
Start importing Assets/Util using Guid(7389987a505a74a459aeafb234496030) Importer(815301076,1909f56bfc062723c751e8b465ee728b)  -> (artifact id: '7a48d37bf89f94c4cd65d2529b54040f') in 0.010840 seconds
  Import took 0.014222 seconds .

========================================================================
Received Import Request.
  Time since last request: 8.348681 seconds.
  path: Assets/Util/Models
  artifactKey: Guid(a7e1472850c33a94ab2e1aa3801d2da0) Importer(815301076,1909f56bfc062723c751e8b465ee728b)
Start importing Assets/Util/Models using Guid(a7e1472850c33a94ab2e1aa3801d2da0) Importer(815301076,1909f56bfc062723c751e8b465ee728b)  -> (artifact id: 'b77d94eaa1d7097a2fbb18760dea1b45') in 0.005478 seconds
  Import took 0.007667 seconds .

========================================================================
Received Import Request.
  Time since last request: 5.855047 seconds.
  path: Assets/Util/Models/lowpoly building.fbx
  artifactKey: Guid(0cdad58bfbc05e4469d1eccb6a2a2b8c) Importer(815301076,1909f56bfc062723c751e8b465ee728b)
Start importing Assets/Util/Models/lowpoly building.fbx using Guid(0cdad58bfbc05e4469d1eccb6a2a2b8c) Importer(815301076,1909f56bfc062723c751e8b465ee728b)  -> (artifact id: '9a401e5ae5818b4b6f2d7605b8f58961') in 0.699166 seconds
  Import took 0.702356 seconds .

========================================================================
Received Import Request.
  Time since last request: 129.604121 seconds.
  path: Assets/Util/Models/lowpoly building.fbx
  artifactKey: Guid(0cdad58bfbc05e4469d1eccb6a2a2b8c) Importer(815301076,1909f56bfc062723c751e8b465ee728b)
Start importing Assets/Util/Models/lowpoly building.fbx using Guid(0cdad58bfbc05e4469d1eccb6a2a2b8c) Importer(815301076,1909f56bfc062723c751e8b465ee728b)  -> (artifact id: 'd863c501d56165958c4a6727a0450c40') in 0.547717 seconds
  Import took 0.550859 seconds .

========================================================================
Received Import Request.
  Time since last request: 40.322443 seconds.
  path: Assets/Util/Models/lowpoly building.fbx
  artifactKey: Guid(0cdad58bfbc05e4469d1eccb6a2a2b8c) Importer(815301076,1909f56bfc062723c751e8b465ee728b)
Start importing Assets/Util/Models/lowpoly building.fbx using Guid(0cdad58bfbc05e4469d1eccb6a2a2b8c) Importer(815301076,1909f56bfc062723c751e8b465ee728b)  -> (artifact id: '44ea85925fbebd88cfbde35de28d141f') in 0.375674 seconds
  Import took 0.378827 seconds .

========================================================================
Received Import Request.
  Time since last request: 178.510065 seconds.
  path: Assets/Util/Models/lowpoly building.fbx
  artifactKey: Guid(0cdad58bfbc05e4469d1eccb6a2a2b8c) Importer(815301076,1909f56bfc062723c751e8b465ee728b)
Start importing Assets/Util/Models/lowpoly building.fbx using Guid(0cdad58bfbc05e4469d1eccb6a2a2b8c) Importer(815301076,1909f56bfc062723c751e8b465ee728b)  -> (artifact id: '22c2ff07294c4ee79a0becef8792240b') in 0.500211 seconds
  Import took 0.503523 seconds .

========================================================================
Received Import Request.
  Time since last request: 7.225046 seconds.
  path: Assets/Util/Models/lowpoly building.fbx
  artifactKey: Guid(0cdad58bfbc05e4469d1eccb6a2a2b8c) Importer(815301076,1909f56bfc062723c751e8b465ee728b)
Start importing Assets/Util/Models/lowpoly building.fbx using Guid(0cdad58bfbc05e4469d1eccb6a2a2b8c) Importer(815301076,1909f56bfc062723c751e8b465ee728b)  -> (artifact id: 'ab6a1e7f4f893b14e911a210c88a3909') in 0.509315 seconds
  Import took 0.512299 seconds .

========================================================================
Received Import Request.
  Time since last request: 10.117794 seconds.
  path: Assets/Util/Models/lowpoly building.fbx
  artifactKey: Guid(0cdad58bfbc05e4469d1eccb6a2a2b8c) Importer(815301076,1909f56bfc062723c751e8b465ee728b)
Start importing Assets/Util/Models/lowpoly building.fbx using Guid(0cdad58bfbc05e4469d1eccb6a2a2b8c) Importer(815301076,1909f56bfc062723c751e8b465ee728b)  -> (artifact id: '44403d301e5cfbd21c78a8b7b3fc6d1a') in 0.534558 seconds
  Import took 0.537622 seconds .

========================================================================
Received Prepare
Registering precompiled user dll's ...
Registered in 0.004338 seconds.
Begin MonoManager ReloadAssembly
Native extension for WindowsStandalone target not found
Refreshing native plugins compatible for Editor in 0.39 ms, found 5 plugins.
Preloading 0 native plugins for Editor in 0.00 ms.
Mono: successfully reloaded assembly
- Completed reload, in  0.781 seconds
Platform modules already initialized, skipping
Refreshing native plugins compatible for Editor in 0.38 ms, found 5 plugins.
Preloading 0 native plugins for Editor in 0.00 ms.
Unloading 1968 Unused Serialized files (Serialized files now loaded: 0)
System memory in use before: 92.4 MB.
System memory in use after: 92.5 MB.

Unloading 15 unused Assets to reduce memory usage. Loaded Objects now: 2479.
Total: 1.514400 ms (FindLiveObjects: 0.148300 ms CreateObjectMapping: 0.055000 ms MarkObjects: 1.299500 ms  DeleteObjects: 0.010900 ms)

AssetImportWorkerClient::OnTransportError - code=2 error=End of file
